[09:48:04] [Server thread/INFO]: Starting minecraft server version 1.12
[09:48:04] [Server thread/INFO]: Loading properties
[09:48:04] [Server thread/INFO]: Default game type: CREATIVE
[09:48:04] [Server thread/INFO]: Generating keypair
[09:48:04] [Server thread/INFO]: Starting Minecraft server on *:25565
[09:48:04] [Server thread/INFO]: Using default channel type
[09:48:04] [Server thread/INFO]: This server is running CraftBukkit version git-Bukkit-ed8c725 (MC: 1.12) (Implementing API version 1.12-R0.1-SNAPSHOT)
[09:48:05] [Server thread/INFO]: [RaspberryJuice] Loading RaspberryJuice v1.10
[09:48:05] [Server thread/WARN]: **** SERVER IS RUNNING IN OFFLINE/INSECURE MODE!
[09:48:05] [Server thread/WARN]: The server will make no attempt to authenticate usernames. Beware.
[09:48:05] [Server thread/WARN]: While this makes the game possible to play without internet access, it also opens up the ability for hackers to connect with any username they choose.
[09:48:05] [Server thread/WARN]: To change this, set "online-mode" to "true" in the server.properties file.
[09:48:05] [Server thread/INFO]: Preparing level "world"
[09:48:05] [Server thread/INFO]: Preparing start region for level 0 (Seed: 8474302518857878902)
[09:48:06] [Server thread/INFO]: Preparing start region for level 1 (Seed: 8474302518857878902)
[09:48:07] [Server thread/INFO]: Preparing spawn area: 30%
[09:48:08] [Server thread/INFO]: Preparing spawn area: 57%
[09:48:09] [Server thread/INFO]: Preparing spawn area: 86%
[09:48:09] [Server thread/INFO]: Preparing start region for level 2 (Seed: 8474302518857878902)
[09:48:10] [Server thread/INFO]: Preparing spawn area: 81%
[09:48:10] [Server thread/INFO]: [RaspberryJuice] Enabling RaspberryJuice v1.10
[09:48:10] [Server thread/INFO]: [RaspberryJuice] Using port 4711
[09:48:10] [Server thread/INFO]: [RaspberryJuice] Using ABSOLUTE locations
[09:48:10] [Server thread/INFO]: [RaspberryJuice] Using BOTH clicks for hits
[09:48:10] [Server thread/INFO]: [RaspberryJuice] ThreadListener Started
[09:48:10] [Server thread/INFO]: Server permissions file permissions.yml is empty, ignoring it
[09:48:10] [Server thread/INFO]: Done (5,928s)! For help, type "help" or "?"
